<?xml version="1.0" encoding="UTF-8" ?>
<testsuite errors="0" failures="0" hostname="TNNB1017" name="TestMessageUtil" skipped="0" tests="2" time="0.054" timestamp="2019-08-21T08:55:28">
  <properties>
[...]
</properties>
  <testcase classname="TestMessageUtil" name="testSalutationMessage" time="0.001" />
  <testcase classname="TestMessageUtil" name="testPrintMessage" time="0.0" />
  <system-out><![CDATA[Inside testSalutationMessage()
Hi!Robert
Inside testPrintMessage()
Robert
]]></system-out>
  <system-err><![CDATA[]]></system-err>
</testsuite>
